2024-01-23 23:29:51,274 - MainProcess[MainThread]- browser_manager      - INFO    : BROWSER 2449380424: Launching browser...
2024-01-23 23:29:51,275 - MainProcess[MainThread]- browser_manager      - DEBUG   : BROWSER 2449380424: Spawn attempt 0 
2024-01-23 23:29:51,276 - MainProcess[MainThread]- storage_controller   - INFO    : Initializing new handler for TaskManager
2024-01-23 23:29:51,282 - MainProcess[MainThread]- deploy_firefox       - DEBUG   : BROWSER 2449380424: Saved extension config file to: /tmp/firefox_profile_prl3vgfy/browser_params.json
2024-01-23 23:29:51,286 - MainProcess[log-interceptor-2449380424]- selenium_firefox     - DEBUG   : BROWSER 2449380424: driver: 1706052591286	geckodriver	INFO	Listening on 127.0.0.1:49343
2024-01-23 23:29:51,789 - MainProcess[log-interceptor-2449380424]- selenium_firefox     - DEBUG   : BROWSER 2449380424: driver: 1706052591789	mozrunner::runner	INFO	Running command: MOZ_CRASHREPORTER="1" MOZ_CRASHREPORTER_NO_REPORT="1" MOZ_CRASHREPORTER_SHUTDOWN="1" MOZ_NO_REMOTE="1" "/opt ...  "-profile" "/tmp/firefox_profile_prl3vgfy" "--remote-debugging-port" "46967" "--remote-allow-hosts" "localhost" "-no-remote"
2024-01-23 23:29:51,965 - MainProcess[log-interceptor-2449380424]- selenium_firefox     - DEBUG   : BROWSER 2449380424: driver: console.warn: services.settings: Ignoring preference override of remote settings server
2024-01-23 23:29:51,965 - MainProcess[log-interceptor-2449380424]- selenium_firefox     - DEBUG   : BROWSER 2449380424: driver: console.warn: services.settings: Allow by setting MOZ_REMOTE_SETTINGS_DEVTOOLS=1 in the environment
2024-01-23 23:29:52,572 - MainProcess[log-interceptor-2449380424]- selenium_firefox     - DEBUG   : BROWSER 2449380424: driver: 1706052592572	Marionette	INFO	Marionette enabled
2024-01-23 23:29:52,623 - MainProcess[log-interceptor-2449380424]- selenium_firefox     - DEBUG   : BROWSER 2449380424: driver: 1706052592623	Marionette	INFO	Listening on port 42163
2024-01-23 23:29:52,682 - MainProcess[log-interceptor-2449380424]- selenium_firefox     - DEBUG   : BROWSER 2449380424: driver: WebDriver BiDi listening on ws://127.0.0.1:46967
2024-01-23 23:29:52,690 - MainProcess[log-interceptor-2449380424]- selenium_firefox     - DEBUG   : BROWSER 2449380424: driver: Read port: 42163
2024-01-23 23:29:52,805 - MainProcess[log-interceptor-2449380424]- selenium_firefox     - DEBUG   : BROWSER 2449380424: driver: 1706052592805	RemoteAgent	WARN	TLS certificate errors will be ignored for this session
2024-01-23 23:29:53,159 - MainProcess[log-interceptor-2449380424]- selenium_firefox     - DEBUG   : BROWSER 2449380424: driver: console.error: ({})
2024-01-23 23:29:53,823 - MainProcess[log-interceptor-2449380424]- selenium_firefox     - DEBUG   : BROWSER 2449380424: driver: DevTools listening on ws://127.0.0.1:46967/devtools/browser/b765e5e3-da1f-441a-b766-27a2bdd262c0
2024-01-23 23:29:53,880 - MainProcess[MainThread]- deploy_firefox       - DEBUG   : BROWSER 2449380424: OpenWPM Firefox extension loaded
2024-01-23 23:29:53,884 - MainProcess[MainThread]- storage_controller   - INFO    : Initializing new handler for Browser-2449380424
2024-01-23 23:29:53,884 - MainProcess[Thread-1 (_start_listener)]- FirefoxExtension     - DEBUG   : Navigation instrumentation enabled
2024-01-23 23:29:53,910 - MainProcess[log-interceptor-2449380424]- selenium_firefox     - DEBUG   : BROWSER 2449380424: driver: console.log: WebExtensions: Wrote to /tmp/firefox_profile_prl3vgfy/extension_port.txt
2024-01-23 23:29:53,911 - MainProcess[Thread-1 (_start_listener)]- FirefoxExtension     - DEBUG   : Cookie instrumentation enabled
2024-01-23 23:29:53,911 - MainProcess[Thread-1 (_start_listener)]- FirefoxExtension     - DEBUG   : Javascript instrumentation enabled
2024-01-23 23:29:53,914 - MainProcess[MainThread]- browser_manager      - DEBUG   : BROWSER 2449380424: Looking for extension port information in /tmp/firefox_profile_prl3vgfy
2024-01-23 23:29:53,914 - MainProcess[MainThread]- browser_manager      - DEBUG   : BROWSER 2449380424: Connecting to extension on port 34049
2024-01-23 23:29:53,921 - MainProcess[Thread-1 (_start_listener)]- FirefoxExtension     - DEBUG   : HTTP Instrumentation enabled
2024-01-23 23:29:53,922 - MainProcess[Thread-1 (_start_listener)]- FirefoxExtension     - DEBUG   : DNS instrumentation enabled
2024-01-23 23:29:53,923 - MainProcess[log-interceptor-2449380424]- selenium_firefox     - DEBUG   : BROWSER 2449380424: driver: console.log: WebExtensions: Wrote to /tmp/firefox_profile_prl3vgfy/OPENWPM_STARTUP_SUCCESS.txt
2024-01-23 23:29:54,014 - MainProcess[MainThread]- browser_manager      - DEBUG   : BROWSER 2449380424: BrowserManager ready.
2024-01-23 23:29:54,015 - MainProcess[MainThread]- browser_manager      - DEBUG   : BROWSER 2449380424: Browser spawn successful!
2024-01-23 23:29:54,015 - MainProcess[MainThread]- browser_manager      - INFO    : BROWSER 2833399109: Launching browser...
2024-01-23 23:29:54,016 - MainProcess[MainThread]- browser_manager      - DEBUG   : BROWSER 2833399109: Spawn attempt 0 
2024-01-23 23:29:54,040 - MainProcess[MainThread]- deploy_firefox       - DEBUG   : BROWSER 2833399109: Saved extension config file to: /tmp/firefox_profile_elg7mkm6/browser_params.json
2024-01-23 23:29:54,044 - MainProcess[log-interceptor-2833399109]- selenium_firefox     - DEBUG   : BROWSER 2833399109: driver: 1706052594044	geckodriver	INFO	Listening on 127.0.0.1:42233
2024-01-23 23:29:54,551 - MainProcess[log-interceptor-2833399109]- selenium_firefox     - DEBUG   : BROWSER 2833399109: driver: 1706052594551	mozrunner::runner	INFO	Running command: MOZ_CRASHREPORTER="1" MOZ_CRASHREPORTER_NO_REPORT="1" MOZ_CRASHREPORTER_SHUTDOWN="1" MOZ_NO_REMOTE="1" "/opt ...  "-profile" "/tmp/firefox_profile_elg7mkm6" "--remote-debugging-port" "59469" "--remote-allow-hosts" "localhost" "-no-remote"
2024-01-23 23:29:54,602 - MainProcess[log-interceptor-2833399109]- selenium_firefox     - DEBUG   : BROWSER 2833399109: driver: console.warn: services.settings: Ignoring preference override of remote settings server
2024-01-23 23:29:54,602 - MainProcess[log-interceptor-2833399109]- selenium_firefox     - DEBUG   : BROWSER 2833399109: driver: console.warn: services.settings: Allow by setting MOZ_REMOTE_SETTINGS_DEVTOOLS=1 in the environment
2024-01-23 23:29:54,875 - MainProcess[log-interceptor-2833399109]- selenium_firefox     - DEBUG   : BROWSER 2833399109: driver: 1706052594875	Marionette	INFO	Marionette enabled
2024-01-23 23:29:54,924 - MainProcess[log-interceptor-2833399109]- selenium_firefox     - DEBUG   : BROWSER 2833399109: driver: 1706052594923	Marionette	INFO	Listening on port 40517
2024-01-23 23:29:54,934 - MainProcess[log-interceptor-2833399109]- selenium_firefox     - DEBUG   : BROWSER 2833399109: driver: WebDriver BiDi listening on ws://127.0.0.1:59469
2024-01-23 23:29:54,951 - MainProcess[log-interceptor-2833399109]- selenium_firefox     - DEBUG   : BROWSER 2833399109: driver: Read port: 40517
2024-01-23 23:29:55,074 - MainProcess[log-interceptor-2833399109]- selenium_firefox     - DEBUG   : BROWSER 2833399109: driver: 1706052595074	RemoteAgent	WARN	TLS certificate errors will be ignored for this session
2024-01-23 23:29:55,511 - MainProcess[log-interceptor-2833399109]- selenium_firefox     - DEBUG   : BROWSER 2833399109: driver: console.error: ({})
2024-01-23 23:29:56,179 - MainProcess[log-interceptor-2833399109]- selenium_firefox     - DEBUG   : BROWSER 2833399109: driver: DevTools listening on ws://127.0.0.1:59469/devtools/browser/d0e2aa6f-b31b-432c-99eb-b815be67f752
2024-01-23 23:29:56,241 - MainProcess[MainThread]- deploy_firefox       - DEBUG   : BROWSER 2833399109: OpenWPM Firefox extension loaded
2024-01-23 23:29:56,273 - MainProcess[Thread-1 (_start_listener)]- FirefoxExtension     - DEBUG   : Navigation instrumentation enabled
2024-01-23 23:29:56,273 - MainProcess[Thread-1 (_start_listener)]- FirefoxExtension     - DEBUG   : Cookie instrumentation enabled
2024-01-23 23:29:56,274 - MainProcess[Thread-1 (_start_listener)]- FirefoxExtension     - DEBUG   : Javascript instrumentation enabled
2024-01-23 23:29:56,274 - MainProcess[MainThread]- storage_controller   - INFO    : Initializing new handler for Browser-2833399109
2024-01-23 23:29:56,275 - MainProcess[MainThread]- storage_controller   - DEBUG   : StorageController status: There are currently 0 scheduled tasks for 0 visit_ids
2024-01-23 23:29:56,275 - MainProcess[log-interceptor-2833399109]- selenium_firefox     - DEBUG   : BROWSER 2833399109: driver: console.log: WebExtensions: Wrote to /tmp/firefox_profile_elg7mkm6/extension_port.txt
2024-01-23 23:29:56,276 - MainProcess[MainThread]- browser_manager      - DEBUG   : BROWSER 2833399109: Looking for extension port information in /tmp/firefox_profile_elg7mkm6
2024-01-23 23:29:56,276 - MainProcess[MainThread]- browser_manager      - DEBUG   : BROWSER 2833399109: Connecting to extension on port 40815
2024-01-23 23:29:56,286 - MainProcess[Thread-1 (_start_listener)]- FirefoxExtension     - DEBUG   : HTTP Instrumentation enabled
2024-01-23 23:29:56,289 - MainProcess[log-interceptor-2833399109]- selenium_firefox     - DEBUG   : BROWSER 2833399109: driver: console.log: WebExtensions: Wrote to /tmp/firefox_profile_elg7mkm6/OPENWPM_STARTUP_SUCCESS.txt
2024-01-23 23:29:56,289 - MainProcess[Thread-1 (_start_listener)]- FirefoxExtension     - DEBUG   : DNS instrumentation enabled
2024-01-23 23:29:56,377 - MainProcess[MainThread]- browser_manager      - DEBUG   : BROWSER 2833399109: BrowserManager ready.
2024-01-23 23:29:56,377 - MainProcess[MainThread]- browser_manager      - DEBUG   : BROWSER 2833399109: Browser spawn successful!
2024-01-23 23:29:56,378 - MainProcess[MainThread]- browser_manager      - INFO    : BROWSER 3501327685: Launching browser...
2024-01-23 23:29:56,378 - MainProcess[MainThread]- browser_manager      - DEBUG   : BROWSER 3501327685: Spawn attempt 0 
2024-01-23 23:29:56,384 - MainProcess[MainThread]- deploy_firefox       - DEBUG   : BROWSER 3501327685: Saved extension config file to: /tmp/firefox_profile_0i1ey2ib/browser_params.json
2024-01-23 23:29:56,388 - MainProcess[log-interceptor-3501327685]- selenium_firefox     - DEBUG   : BROWSER 3501327685: driver: 1706052596388	geckodriver	INFO	Listening on 127.0.0.1:39369
2024-01-23 23:29:56,891 - MainProcess[log-interceptor-3501327685]- selenium_firefox     - DEBUG   : BROWSER 3501327685: driver: 1706052596891	mozrunner::runner	INFO	Running command: MOZ_CRASHREPORTER="1" MOZ_CRASHREPORTER_NO_REPORT="1" MOZ_CRASHREPORTER_SHUTDOWN="1" MOZ_NO_REMOTE="1" "/opt ...  "-profile" "/tmp/firefox_profile_0i1ey2ib" "--remote-debugging-port" "54519" "--remote-allow-hosts" "localhost" "-no-remote"
2024-01-23 23:29:56,950 - MainProcess[log-interceptor-3501327685]- selenium_firefox     - DEBUG   : BROWSER 3501327685: driver: console.warn: services.settings: Ignoring preference override of remote settings server
2024-01-23 23:29:56,950 - MainProcess[log-interceptor-3501327685]- selenium_firefox     - DEBUG   : BROWSER 3501327685: driver: console.warn: services.settings: Allow by setting MOZ_REMOTE_SETTINGS_DEVTOOLS=1 in the environment
2024-01-23 23:29:57,188 - MainProcess[log-interceptor-3501327685]- selenium_firefox     - DEBUG   : BROWSER 3501327685: driver: 1706052597188	Marionette	INFO	Marionette enabled
2024-01-23 23:29:57,238 - MainProcess[log-interceptor-3501327685]- selenium_firefox     - DEBUG   : BROWSER 3501327685: driver: 1706052597238	Marionette	INFO	Listening on port 41127
2024-01-23 23:29:57,245 - MainProcess[log-interceptor-3501327685]- selenium_firefox     - DEBUG   : BROWSER 3501327685: driver: WebDriver BiDi listening on ws://127.0.0.1:54519
2024-01-23 23:29:57,291 - MainProcess[log-interceptor-3501327685]- selenium_firefox     - DEBUG   : BROWSER 3501327685: driver: Read port: 41127
2024-01-23 23:29:57,378 - MainProcess[log-interceptor-3501327685]- selenium_firefox     - DEBUG   : BROWSER 3501327685: driver: 1706052597378	RemoteAgent	WARN	TLS certificate errors will be ignored for this session
2024-01-23 23:29:57,757 - MainProcess[log-interceptor-3501327685]- selenium_firefox     - DEBUG   : BROWSER 3501327685: driver: console.error: ({})
2024-01-23 23:29:58,380 - MainProcess[log-interceptor-3501327685]- selenium_firefox     - DEBUG   : BROWSER 3501327685: driver: DevTools listening on ws://127.0.0.1:54519/devtools/browser/2a90ed6a-c91b-44bd-91f9-5a5c167604b1
2024-01-23 23:29:58,450 - MainProcess[MainThread]- deploy_firefox       - DEBUG   : BROWSER 3501327685: OpenWPM Firefox extension loaded
2024-01-23 23:29:58,453 - MainProcess[MainThread]- storage_controller   - INFO    : Initializing new handler for Browser-3501327685
2024-01-23 23:29:58,454 - MainProcess[log-interceptor-3501327685]- selenium_firefox     - DEBUG   : BROWSER 3501327685: driver: console.log: WebExtensions: Wrote to /tmp/firefox_profile_0i1ey2ib/extension_port.txt
2024-01-23 23:29:58,476 - MainProcess[Thread-1 (_start_listener)]- FirefoxExtension     - DEBUG   : Navigation instrumentation enabled
2024-01-23 23:29:58,477 - MainProcess[Thread-1 (_start_listener)]- FirefoxExtension     - DEBUG   : Cookie instrumentation enabled
2024-01-23 23:29:58,477 - MainProcess[Thread-1 (_start_listener)]- FirefoxExtension     - DEBUG   : Javascript instrumentation enabled
2024-01-23 23:29:58,490 - MainProcess[MainThread]- browser_manager      - DEBUG   : BROWSER 3501327685: Looking for extension port information in /tmp/firefox_profile_0i1ey2ib
2024-01-23 23:29:58,490 - MainProcess[MainThread]- browser_manager      - DEBUG   : BROWSER 3501327685: Connecting to extension on port 35213
2024-01-23 23:29:58,526 - MainProcess[Thread-1 (_start_listener)]- FirefoxExtension     - DEBUG   : HTTP Instrumentation enabled
2024-01-23 23:29:58,527 - MainProcess[Thread-1 (_start_listener)]- FirefoxExtension     - DEBUG   : DNS instrumentation enabled
2024-01-23 23:29:58,529 - MainProcess[log-interceptor-3501327685]- selenium_firefox     - DEBUG   : BROWSER 3501327685: driver: console.log: WebExtensions: Wrote to /tmp/firefox_profile_0i1ey2ib/OPENWPM_STARTUP_SUCCESS.txt
2024-01-23 23:29:58,591 - MainProcess[MainThread]- browser_manager      - DEBUG   : BROWSER 3501327685: BrowserManager ready.
2024-01-23 23:29:58,591 - MainProcess[MainThread]- browser_manager      - DEBUG   : BROWSER 3501327685: Browser spawn successful!
2024-01-23 23:29:58,592 - MainProcess[MainThread]- browser_manager      - INFO    : BROWSER 3458362781: Launching browser...
2024-01-23 23:29:58,592 - MainProcess[MainThread]- browser_manager      - DEBUG   : BROWSER 3458362781: Spawn attempt 0 
2024-01-23 23:29:58,598 - MainProcess[MainThread]- deploy_firefox       - DEBUG   : BROWSER 3458362781: Saved extension config file to: /tmp/firefox_profile_6ei65omy/browser_params.json
2024-01-23 23:29:58,602 - MainProcess[log-interceptor-3458362781]- selenium_firefox     - DEBUG   : BROWSER 3458362781: driver: 1706052598602	geckodriver	INFO	Listening on 127.0.0.1:35185
2024-01-23 23:29:59,105 - MainProcess[log-interceptor-3458362781]- selenium_firefox     - DEBUG   : BROWSER 3458362781: driver: 1706052599105	mozrunner::runner	INFO	Running command: MOZ_CRASHREPORTER="1" MOZ_CRASHREPORTER_NO_REPORT="1" MOZ_CRASHREPORTER_SHUTDOWN="1" MOZ_NO_REMOTE="1" "/opt ...  "-profile" "/tmp/firefox_profile_6ei65omy" "--remote-debugging-port" "37187" "--remote-allow-hosts" "localhost" "-no-remote"
2024-01-23 23:29:59,165 - MainProcess[log-interceptor-3458362781]- selenium_firefox     - DEBUG   : BROWSER 3458362781: driver: console.warn: services.settings: Ignoring preference override of remote settings server
2024-01-23 23:29:59,165 - MainProcess[log-interceptor-3458362781]- selenium_firefox     - DEBUG   : BROWSER 3458362781: driver: console.warn: services.settings: Allow by setting MOZ_REMOTE_SETTINGS_DEVTOOLS=1 in the environment
2024-01-23 23:29:59,409 - MainProcess[log-interceptor-3458362781]- selenium_firefox     - DEBUG   : BROWSER 3458362781: driver: 1706052599409	Marionette	INFO	Marionette enabled
2024-01-23 23:29:59,462 - MainProcess[log-interceptor-3458362781]- selenium_firefox     - DEBUG   : BROWSER 3458362781: driver: 1706052599462	Marionette	INFO	Listening on port 33035
2024-01-23 23:29:59,469 - MainProcess[log-interceptor-3458362781]- selenium_firefox     - DEBUG   : BROWSER 3458362781: driver: WebDriver BiDi listening on ws://127.0.0.1:37187
2024-01-23 23:29:59,506 - MainProcess[log-interceptor-3458362781]- selenium_firefox     - DEBUG   : BROWSER 3458362781: driver: Read port: 33035
2024-01-23 23:29:59,607 - MainProcess[log-interceptor-3458362781]- selenium_firefox     - DEBUG   : BROWSER 3458362781: driver: 1706052599607	RemoteAgent	WARN	TLS certificate errors will be ignored for this session
2024-01-23 23:30:00,720 - MainProcess[log-interceptor-3458362781]- selenium_firefox     - DEBUG   : BROWSER 3458362781: driver: console.error: ({})
2024-01-23 23:30:01,276 - MainProcess[MainThread]- storage_controller   - DEBUG   : StorageController status: There are currently 0 scheduled tasks for 0 visit_ids
2024-01-23 23:30:01,375 - MainProcess[log-interceptor-3458362781]- selenium_firefox     - DEBUG   : BROWSER 3458362781: driver: DevTools listening on ws://127.0.0.1:37187/devtools/browser/b871a15e-478e-49eb-888c-1cddd1a7bd53
2024-01-23 23:30:01,472 - MainProcess[MainThread]- deploy_firefox       - DEBUG   : BROWSER 3458362781: OpenWPM Firefox extension loaded
2024-01-23 23:30:01,474 - MainProcess[MainThread]- storage_controller   - INFO    : Initializing new handler for Browser-3458362781
2024-01-23 23:30:01,475 - MainProcess[Thread-1 (_start_listener)]- FirefoxExtension     - DEBUG   : Navigation instrumentation enabled
2024-01-23 23:30:01,476 - MainProcess[Thread-1 (_start_listener)]- FirefoxExtension     - DEBUG   : Cookie instrumentation enabled
2024-01-23 23:30:01,476 - MainProcess[log-interceptor-3458362781]- selenium_firefox     - DEBUG   : BROWSER 3458362781: driver: console.log: WebExtensions: Wrote to /tmp/firefox_profile_6ei65omy/extension_port.txt
2024-01-23 23:30:01,477 - MainProcess[Thread-1 (_start_listener)]- FirefoxExtension     - DEBUG   : Javascript instrumentation enabled
2024-01-23 23:30:01,505 - MainProcess[MainThread]- browser_manager      - DEBUG   : BROWSER 3458362781: Looking for extension port information in /tmp/firefox_profile_6ei65omy
2024-01-23 23:30:01,506 - MainProcess[MainThread]- browser_manager      - DEBUG   : BROWSER 3458362781: Connecting to extension on port 46707
2024-01-23 23:30:01,514 - MainProcess[Thread-1 (_start_listener)]- FirefoxExtension     - DEBUG   : HTTP Instrumentation enabled
2024-01-23 23:30:01,524 - MainProcess[Thread-1 (_start_listener)]- FirefoxExtension     - DEBUG   : DNS instrumentation enabled
2024-01-23 23:30:01,525 - MainProcess[log-interceptor-3458362781]- selenium_firefox     - DEBUG   : BROWSER 3458362781: driver: console.log: WebExtensions: Wrote to /tmp/firefox_profile_6ei65omy/OPENWPM_STARTUP_SUCCESS.txt
2024-01-23 23:30:01,606 - MainProcess[MainThread]- browser_manager      - DEBUG   : BROWSER 3458362781: BrowserManager ready.
2024-01-23 23:30:01,607 - MainProcess[MainThread]- browser_manager      - DEBUG   : BROWSER 3458362781: Browser spawn successful!
2024-01-23 23:30:01,608 - MainProcess[OpenWPM-storage-logger]- storage_watchdog     - INFO    : Starting the StorageLogger...
2024-01-23 23:30:01,622 - MainProcess[OpenWPM-storage-logger]- storage_watchdog     - INFO    : Readable files in /tmp folder take up 89.17 MB of storage on disk at start time...
2024-01-23 23:30:01,642 - MainProcess[MainThread]- storage_controller   - INFO    : Initializing new handler for StorageControllerHandle
2024-01-23 23:30:01,646 - MainProcess[MainThread]- storage_controller   - INFO    : Awaiting all tasks for visit_id -1
2024-01-23 23:30:01,646 - MainProcess[MainThread]- storage_controller   - DEBUG   : Awaited all tasks for visit_id -1 while finalizing
2024-01-23 23:30:01,650 - MainProcess[MainThread]- task_manager         - INFO    : 

OpenWPM Version: 0.26.0
Firefox Version: b'121.0'

========== Manager Configuration ==========
{
  "_failure_limit": null,
  "data_directory": "/opt/OpenWPM/datadir",
  "log_path": "/opt/OpenWPM/datadir/openwpm.log",
  "logger_address": [
    "127.0.0.1",
    48213
  ],
  "memory_watchdog": false,
  "num_browsers": 4,
  "process_watchdog": false,
  "screenshot_path": "/opt/OpenWPM/datadir/screenshots",
  "source_dump_path": "/opt/OpenWPM/datadir/sources",
  "storage_controller_address": [
    "127.0.0.1",
    33365
  ],
  "testing": false
}

========== Browser Configuration ==========
Keys:
{
  "browser_id": 0,
  "bot_mitigation": 1,
  "browser": 2,
  "callstack_instrument": 3,
  "cookie_instrument": 4,
  "custom_params": 5,
  "display_mode": 6,
  "dns_instrument": 7,
  "donottrack": 8,
  "extension_enabled": 9,
  "http_instrument": 10,
  "js_instrument": 11,
  "js_instrument_settings": 12,
  "maximum_profile_size": 13,
  "navigation_instrument": 14,
  "prefs": 15,
  "profile_path": 16,
  "recovery_tar": 17,
  "save_content": 18,
  "tmp_profile_dir": 19,
  "tp_cookies": 20,
  "tracking_protection": 21
}

         0  1      2        3      4     5    6       7     8      9     10    11    12                                                 13  14    15    16    17    18     19    20      21
----------  -----  -------  -----  ----  ---  ------  ----  -----  ----  ----  ----  -----------------------------  ----------------------  ----  ----  ----  ----  -----  ----  ------  -----
2449380424  False  firefox  False  True  {}   native  True  False  True  True  True  ['collection_fingerprinting']  5000000000000000000000  True  {}                False  /tmp  always  False
2833399109  False  firefox  False  True  {}   native  True  False  True  True  True  ['collection_fingerprinting']  5000000000000000000000  True  {}                False  /tmp  always  False
3501327685  False  firefox  False  True  {}   native  True  False  True  True  True  ['collection_fingerprinting']  5000000000000000000000  True  {}                False  /tmp  always  False
3458362781  False  firefox  False  True  {}   native  True  False  True  True  True  ['collection_fingerprinting']  5000000000000000000000  True  {}                False  /tmp  always  False

========== JS Instrument Settings ==========
{"2449380424":[{"object":"window['ScriptProcessorNode'].prototype","instrumentedName":"ScriptProcessorNode","logSettings":{"propertiesToInstrument":[],"nonExistingPropertiesToInstrument":[],"excludedProperties":[],"logCallStack":false,"logFunctionsAsStrings":false,"logFunctionGets":false,"preventSets":false,"recursive":false,"depth":5}},{"object":"window['GainNode'].prototype","instrumentedName":"GainNode","logSettings":{"propertiesToInstrument":[],"nonExistingPropertiesToInstrument":[],"excludedProperties":[],"logCallStack":false,"logFunctionsAsStrings":false,"logFunctionGets":false,"preventSets":false,"recursive":false,"depth":5}},{"object":"window['AnalyserNode'].prototype","instrumentedName":"AnalyserNode","logSettings":{"propertiesToInstrument":[],"nonExistingPropertiesToInstrument":[],"excludedProperties":[],"logCallStack":false,"logFunctionsAsStrings":false,"logFunctionGets":false,"preventSets":false,"recursive":false,"depth":5}},{"object":"window['OscillatorNode'].prototype","instrumentedName":"OscillatorNode","logSettings":{"propertiesToInstrument":[],"nonExistingPropertiesToInstrument":[],"excludedProperties":[],"logCallStack":false,"logFunctionsAsStrings":false,"logFunctionGets":false,"preventSets":false,"recursive":false,"depth":5}},{"object":"window['OfflineAudioContext'].prototype","instrumentedName":"OfflineAudioContext","logSettings":{"propertiesToInstrument":[],"nonExistingPropertiesToInstrument":[],"excludedProperties":[],"logCallStack":false,"logFunctionsAsStrings":false,"logFunctionGets":false,"preventSets":false,"recursive":false,"depth":5}},{"object":"window['AudioContext'].prototype","instrumentedName":"AudioContext","logSettings":{"propertiesToInstrument":[],"nonExistingPropertiesToInstrument":[],"excludedProperties":[],"logCallStack":false,"logFunctionsAsStrings":false,"logFunctionGets":false,"preventSets":false,"recursive":false,"depth":5}},{"object":"window['RTCPeerConnection'].prototype","instrumentedName":"RTCPeerConnection","logSettings":{"propertiesToInstrument":[],"nonExistingPropertiesToInstrument":[],"excludedProperties":[],"logCallStack":false,"logFunctionsAsStrings":false,"logFunctionGets":false,"preventSets":false,"recursive":false,"depth":5}},{"object":"window['HTMLCanvasElement'].prototype","instrumentedName":"HTMLCanvasElement","logSettings":{"propertiesToInstrument":[],"nonExistingPropertiesToInstrument":[],"excludedProperties":[],"logCallStack":false,"logFunctionsAsStrings":false,"logFunctionGets":false,"preventSets":false,"recursive":false,"depth":5}},{"object":"window['Storage'].prototype","instrumentedName":"Storage","logSettings":{"propertiesToInstrument":[],"nonExistingPropertiesToInstrument":[],"excludedProperties":[],"logCallStack":false,"logFunctionsAsStrings":false,"logFunctionGets":false,"preventSets":false,"recursive":false,"depth":5}},{"object":"window.navigator","instrumentedName":"window.navigator","logSettings":{"propertiesToInstrument":[],"nonExistingPropertiesToInstrument":[],"excludedProperties":[],"logCallStack":false,"logFunctionsAsStrings":false,"logFunctionGets":false,"preventSets":false,"recursive":false,"depth":5}},{"object":"window['CanvasRenderingContext2D'].prototype","instrumentedName":"CanvasRenderingContext2D","logSettings":{"propertiesToInstrument":[],"nonExistingPropertiesToInstrument":[],"excludedProperties":["drawImage","globalAlpha","transform","beginPath","translate","moveTo","quadraticCurveTo","clearRect","closePath","lineTo","canvas","setTransform"],"logCallStack":false,"logFunctionsAsStrings":false,"logFunctionGets":false,"preventSets":false,"recursive":false,"depth":5}},{"object":"window","instrumentedName":"window","logSettings":{"propertiesToInstrument":["name","sessionStorage","localStorage"],"nonExistingPropertiesToInstrument":[],"excludedProperties":[],"logCallStack":false,"logFunctionsAsStrings":false,"logFunctionGets":false,"preventSets":false,"recursive":false,"depth":5}},{"object":"window.document","instrumentedName":"window.document","logSettings":{"propertiesToInstrument":["referrer","cookie"],"nonExistingPropertiesToInstrument":[],"excludedProperties":[],"logCallStack":true,"logFunctionsAsStrings":false,"logFunctionGets":false,"preventSets":false,"recursive":false,"depth":5}},{"object":"window.screen","instrumentedName":"window.screen","logSettings":{"propertiesToInstrument":["pixelDepth","colorDepth"],"nonExistingPropertiesToInstrument":[],"excludedProperties":[],"logCallStack":false,"logFunctionsAsStrings":false,"logFunctionGets":false,"preventSets":false,"recursive":false,"depth":5}}],"2833399109":[{"object":"window['ScriptProcessorNode'].prototype","instrumentedName":"ScriptProcessorNode","logSettings":{"propertiesToInstrument":[],"nonExistingPropertiesToInstrument":[],"excludedProperties":[],"logCallStack":false,"logFunctionsAsStrings":false,"logFunctionGets":false,"preventSets":false,"recursive":false,"depth":5}},{"object":"window['GainNode'].prototype","instrumentedName":"GainNode","logSettings":{"propertiesToInstrument":[],"nonExistingPropertiesToInstrument":[],"excludedProperties":[],"logCallStack":false,"logFunctionsAsStrings":false,"logFunctionGets":false,"preventSets":false,"recursive":false,"depth":5}},{"object":"window['AnalyserNode'].prototype","instrumentedName":"AnalyserNode","logSettings":{"propertiesToInstrument":[],"nonExistingPropertiesToInstrument":[],"excludedProperties":[],"logCallStack":false,"logFunctionsAsStrings":false,"logFunctionGets":false,"preventSets":false,"recursive":false,"depth":5}},{"object":"window['OscillatorNode'].prototype","instrumentedName":"OscillatorNode","logSettings":{"propertiesToInstrument":[],"nonExistingPropertiesToInstrument":[],"excludedProperties":[],"logCallStack":false,"logFunctionsAsStrings":false,"logFunctionGets":false,"preventSets":false,"recursive":false,"depth":5}},{"object":"window['OfflineAudioContext'].prototype","instrumentedName":"OfflineAudioContext","logSettings":{"propertiesToInstrument":[],"nonExistingPropertiesToInstrument":[],"excludedProperties":[],"logCallStack":false,"logFunctionsAsStrings":false,"logFunctionGets":false,"preventSets":false,"recursive":false,"depth":5}},{"object":"window['AudioContext'].prototype","instrumentedName":"AudioContext","logSettings":{"propertiesToInstrument":[],"nonExistingPropertiesToInstrument":[],"excludedProperties":[],"logCallStack":false,"logFunctionsAsStrings":false,"logFunctionGets":false,"preventSets":false,"recursive":false,"depth":5}},{"object":"window['RTCPeerConnection'].prototype","instrumentedName":"RTCPeerConnection","logSettings":{"propertiesToInstrument":[],"nonExistingPropertiesToInstrument":[],"excludedProperties":[],"logCallStack":false,"logFunctionsAsStrings":false,"logFunctionGets":false,"preventSets":false,"recursive":false,"depth":5}},{"object":"window['HTMLCanvasElement'].prototype","instrumentedName":"HTMLCanvasElement","logSettings":{"propertiesToInstrument":[],"nonExistingPropertiesToInstrument":[],"excludedProperties":[],"logCallStack":false,"logFunctionsAsStrings":false,"logFunctionGets":false,"preventSets":false,"recursive":false,"depth":5}},{"object":"window['Storage'].prototype","instrumentedName":"Storage","logSettings":{"propertiesToInstrument":[],"nonExistingPropertiesToInstrument":[],"excludedProperties":[],"logCallStack":false,"logFunctionsAsStrings":false,"logFunctionGets":false,"preventSets":false,"recursive":false,"depth":5}},{"object":"window.navigator","instrumentedName":"window.navigator","logSettings":{"propertiesToInstrument":[],"nonExistingPropertiesToInstrument":[],"excludedProperties":[],"logCallStack":false,"logFunctionsAsStrings":false,"logFunctionGets":false,"preventSets":false,"recursive":false,"depth":5}},{"object":"window['CanvasRenderingContext2D'].prototype","instrumentedName":"CanvasRenderingContext2D","logSettings":{"propertiesToInstrument":[],"nonExistingPropertiesToInstrument":[],"excludedProperties":["drawImage","globalAlpha","transform","beginPath","translate","moveTo","quadraticCurveTo","clearRect","closePath","lineTo","canvas","setTransform"],"logCallStack":false,"logFunctionsAsStrings":false,"logFunctionGets":false,"preventSets":false,"recursive":false,"depth":5}},{"object":"window","instrumentedName":"window","logSettings":{"propertiesToInstrument":["name","sessionStorage","localStorage"],"nonExistingPropertiesToInstrument":[],"excludedProperties":[],"logCallStack":false,"logFunctionsAsStrings":false,"logFunctionGets":false,"preventSets":false,"recursive":false,"depth":5}},{"object":"window.document","instrumentedName":"window.document","logSettings":{"propertiesToInstrument":["referrer","cookie"],"nonExistingPropertiesToInstrument":[],"excludedProperties":[],"logCallStack":true,"logFunctionsAsStrings":false,"logFunctionGets":false,"preventSets":false,"recursive":false,"depth":5}},{"object":"window.screen","instrumentedName":"window.screen","logSettings":{"propertiesToInstrument":["pixelDepth","colorDepth"],"nonExistingPropertiesToInstrument":[],"excludedProperties":[],"logCallStack":false,"logFunctionsAsStrings":false,"logFunctionGets":false,"preventSets":false,"recursive":false,"depth":5}}],"3501327685":[{"object":"window['ScriptProcessorNode'].prototype","instrumentedName":"ScriptProcessorNode","logSettings":{"propertiesToInstrument":[],"nonExistingPropertiesToInstrument":[],"excludedProperties":[],"logCallStack":false,"logFunctionsAsStrings":false,"logFunctionGets":false,"preventSets":false,"recursive":false,"depth":5}},{"object":"window['GainNode'].prototype","instrumentedName":"GainNode","logSettings":{"propertiesToInstrument":[],"nonExistingPropertiesToInstrument":[],"excludedProperties":[],"logCallStack":false,"logFunctionsAsStrings":false,"logFunctionGets":false,"preventSets":false,"recursive":false,"depth":5}},{"object":"window['AnalyserNode'].prototype","instrumentedName":"AnalyserNode","logSettings":{"propertiesToInstrument":[],"nonExistingPropertiesToInstrument":[],"excludedProperties":[],"logCallStack":false,"logFunctionsAsStrings":false,"logFunctionGets":false,"preventSets":false,"recursive":false,"depth":5}},{"object":"window['OscillatorNode'].prototype","instrumentedName":"OscillatorNode","logSettings":{"propertiesToInstrument":[],"nonExistingPropertiesToInstrument":[],"excludedProperties":[],"logCallStack":false,"logFunctionsAsStrings":false,"logFunctionGets":false,"preventSets":false,"recursive":false,"depth":5}},{"object":"window['OfflineAudioContext'].prototype","instrumentedName":"OfflineAudioContext","logSettings":{"propertiesToInstrument":[],"nonExistingPropertiesToInstrument":[],"excludedProperties":[],"logCallStack":false,"logFunctionsAsStrings":false,"logFunctionGets":false,"preventSets":false,"recursive":false,"depth":5}},{"object":"window['AudioContext'].prototype","instrumentedName":"AudioContext","logSettings":{"propertiesToInstrument":[],"nonExistingPropertiesToInstrument":[],"excludedProperties":[],"logCallStack":false,"logFunctionsAsStrings":false,"logFunctionGets":false,"preventSets":false,"recursive":false,"depth":5}},{"object":"window['RTCPeerConnection'].prototype","instrumentedName":"RTCPeerConnection","logSettings":{"propertiesToInstrument":[],"nonExistingPropertiesToInstrument":[],"excludedProperties":[],"logCallStack":false,"logFunctionsAsStrings":false,"logFunctionGets":false,"preventSets":false,"recursive":false,"depth":5}},{"object":"window['HTMLCanvasElement'].prototype","instrumentedName":"HTMLCanvasElement","logSettings":{"propertiesToInstrument":[],"nonExistingPropertiesToInstrument":[],"excludedProperties":[],"logCallStack":false,"logFunctionsAsStrings":false,"logFunctionGets":false,"preventSets":false,"recursive":false,"depth":5}},{"object":"window['Storage'].prototype","instrumentedName":"Storage","logSettings":{"propertiesToInstrument":[],"nonExistingPropertiesToInstrument":[],"excludedProperties":[],"logCallStack":false,"logFunctionsAsStrings":false,"logFunctionGets":false,"preventSets":false,"recursive":false,"depth":5}},{"object":"window.navigator","instrumentedName":"window.navigator","logSettings":{"propertiesToInstrument":[],"nonExistingPropertiesToInstrument":[],"excludedProperties":[],"logCallStack":false,"logFunctionsAsStrings":false,"logFunctionGets":false,"preventSets":false,"recursive":false,"depth":5}},{"object":"window['CanvasRenderingContext2D'].prototype","instrumentedName":"CanvasRenderingContext2D","logSettings":{"propertiesToInstrument":[],"nonExistingPropertiesToInstrument":[],"excludedProperties":["drawImage","globalAlpha","transform","beginPath","translate","moveTo","quadraticCurveTo","clearRect","closePath","lineTo","canvas","setTransform"],"logCallStack":false,"logFunctionsAsStrings":false,"logFunctionGets":false,"preventSets":false,"recursive":false,"depth":5}},{"object":"window","instrumentedName":"window","logSettings":{"propertiesToInstrument":["name","sessionStorage","localStorage"],"nonExistingPropertiesToInstrument":[],"excludedProperties":[],"logCallStack":false,"logFunctionsAsStrings":false,"logFunctionGets":false,"preventSets":false,"recursive":false,"depth":5}},{"object":"window.document","instrumentedName":"window.document","logSettings":{"propertiesToInstrument":["referrer","cookie"],"nonExistingPropertiesToInstrument":[],"excludedProperties":[],"logCallStack":true,"logFunctionsAsStrings":false,"logFunctionGets":false,"preventSets":false,"recursive":false,"depth":5}},{"object":"window.screen","instrumentedName":"window.screen","logSettings":{"propertiesToInstrument":["pixelDepth","colorDepth"],"nonExistingPropertiesToInstrument":[],"excludedProperties":[],"logCallStack":false,"logFunctionsAsStrings":false,"logFunctionGets":false,"preventSets":false,"recursive":false,"depth":5}}],"3458362781":[{"object":"window['ScriptProcessorNode'].prototype","instrumentedName":"ScriptProcessorNode","logSettings":{"propertiesToInstrument":[],"nonExistingPropertiesToInstrument":[],"excludedProperties":[],"logCallStack":false,"logFunctionsAsStrings":false,"logFunctionGets":false,"preventSets":false,"recursive":false,"depth":5}},{"object":"window['GainNode'].prototype","instrumentedName":"GainNode","logSettings":{"propertiesToInstrument":[],"nonExistingPropertiesToInstrument":[],"excludedProperties":[],"logCallStack":false,"logFunctionsAsStrings":false,"logFunctionGets":false,"preventSets":false,"recursive":false,"depth":5}},{"object":"window['AnalyserNode'].prototype","instrumentedName":"AnalyserNode","logSettings":{"propertiesToInstrument":[],"nonExistingPropertiesToInstrument":[],"excludedProperties":[],"logCallStack":false,"logFunctionsAsStrings":false,"logFunctionGets":false,"preventSets":false,"recursive":false,"depth":5}},{"object":"window['OscillatorNode'].prototype","instrumentedName":"OscillatorNode","logSettings":{"propertiesToInstrument":[],"nonExistingPropertiesToInstrument":[],"excludedProperties":[],"logCallStack":false,"logFunctionsAsStrings":false,"logFunctionGets":false,"preventSets":false,"recursive":false,"depth":5}},{"object":"window['OfflineAudioContext'].prototype","instrumentedName":"OfflineAudioContext","logSettings":{"propertiesToInstrument":[],"nonExistingPropertiesToInstrument":[],"excludedProperties":[],"logCallStack":false,"logFunctionsAsStrings":false,"logFunctionGets":false,"preventSets":false,"recursive":false,"depth":5}},{"object":"window['AudioContext'].prototype","instrumentedName":"AudioContext","logSettings":{"propertiesToInstrument":[],"nonExistingPropertiesToInstrument":[],"excludedProperties":[],"logCallStack":false,"logFunctionsAsStrings":false,"logFunctionGets":false,"preventSets":false,"recursive":false,"depth":5}},{"object":"window['RTCPeerConnection'].prototype","instrumentedName":"RTCPeerConnection","logSettings":{"propertiesToInstrument":[],"nonExistingPropertiesToInstrument":[],"excludedProperties":[],"logCallStack":false,"logFunctionsAsStrings":false,"logFunctionGets":false,"preventSets":false,"recursive":false,"depth":5}},{"object":"window['HTMLCanvasElement'].prototype","instrumentedName":"HTMLCanvasElement","logSettings":{"propertiesToInstrument":[],"nonExistingPropertiesToInstrument":[],"excludedProperties":[],"logCallStack":false,"logFunctionsAsStrings":false,"logFunctionGets":false,"preventSets":false,"recursive":false,"depth":5}},{"object":"window['Storage'].prototype","instrumentedName":"Storage","logSettings":{"propertiesToInstrument":[],"nonExistingPropertiesToInstrument":[],"excludedProperties":[],"logCallStack":false,"logFunctionsAsStrings":false,"logFunctionGets":false,"preventSets":false,"recursive":false,"depth":5}},{"object":"window.navigator","instrumentedName":"window.navigator","logSettings":{"propertiesToInstrument":[],"nonExistingPropertiesToInstrument":[],"excludedProperties":[],"logCallStack":false,"logFunctionsAsStrings":false,"logFunctionGets":false,"preventSets":false,"recursive":false,"depth":5}},{"object":"window['CanvasRenderingContext2D'].prototype","instrumentedName":"CanvasRenderingContext2D","logSettings":{"propertiesToInstrument":[],"nonExistingPropertiesToInstrument":[],"excludedProperties":["drawImage","globalAlpha","transform","beginPath","translate","moveTo","quadraticCurveTo","clearRect","closePath","lineTo","canvas","setTransform"],"logCallStack":false,"logFunctionsAsStrings":false,"logFunctionGets":false,"preventSets":false,"recursive":false,"depth":5}},{"object":"window","instrumentedName":"window","logSettings":{"propertiesToInstrument":["name","sessionStorage","localStorage"],"nonExistingPropertiesToInstrument":[],"excludedProperties":[],"logCallStack":false,"logFunctionsAsStrings":false,"logFunctionGets":false,"preventSets":false,"recursive":false,"depth":5}},{"object":"window.document","instrumentedName":"window.document","logSettings":{"propertiesToInstrument":["referrer","cookie"],"nonExistingPropertiesToInstrument":[],"excludedProperties":[],"logCallStack":true,"logFunctionsAsStrings":false,"logFunctionGets":false,"preventSets":false,"recursive":false,"depth":5}},{"object":"window.screen","instrumentedName":"window.screen","logSettings":{"propertiesToInstrument":["pixelDepth","colorDepth"],"nonExistingPropertiesToInstrument":[],"excludedProperties":[],"logCallStack":false,"logFunctionsAsStrings":false,"logFunctionGets":false,"preventSets":false,"recursive":false,"depth":5}}]}

========== Input profile tar files ==========
  No profile tar files specified

========== Output (archive) profile dirs ==========
  No profile archive directories specified


2024-01-23 23:30:01,651 - MainProcess[MainThread]- task_manager         - DEBUG   : Checking command failure status indicator...
2024-01-23 23:30:01,652 - MainProcess[BrowserManagerHandle-2449380424]- browser_manager      - INFO    : Starting to work on CommandSequence with visit_id 627309948684442 on browser with id 2449380424
2024-01-23 23:30:01,653 - MainProcess[MainThread]- task_manager         - DEBUG   : Checking command failure status indicator...
2024-01-23 23:30:01,654 - MainProcess[BrowserManagerHandle-2833399109]- browser_manager      - INFO    : Starting to work on CommandSequence with visit_id 5605382794420619 on browser with id 2833399109
2024-01-23 23:30:01,655 - MainProcess[MainThread]- task_manager         - DEBUG   : Checking command failure status indicator...
2024-01-23 23:30:01,655 - MainProcess[MainThread]- browser_manager      - INFO    : BROWSER 2449380424: EXECUTING COMMAND: InitializeCommand()
2024-01-23 23:30:01,656 - MainProcess[BrowserManagerHandle-3501327685]- browser_manager      - INFO    : Starting to work on CommandSequence with visit_id 3540360897460281 on browser with id 3501327685
2024-01-23 23:30:01,657 - MainProcess[MainThread]- browser_manager      - INFO    : BROWSER 2833399109: EXECUTING COMMAND: InitializeCommand()
2024-01-23 23:30:01,658 - MainProcess[MainThread]- browser_manager      - INFO    : BROWSER 2449380424: EXECUTING COMMAND: GetCommand(https://www.nebraska.gov/,3)
2024-01-23 23:30:01,658 - MainProcess[MainThread]- browser_manager      - INFO    : BROWSER 2833399109: EXECUTING COMMAND: GetCommand(http://NEBRASKACITYNE.GOV,3)
2024-01-23 23:30:01,659 - MainProcess[MainThread]- browser_manager      - INFO    : BROWSER 3501327685: EXECUTING COMMAND: InitializeCommand()
2024-01-23 23:30:01,661 - MainProcess[MainThread]- browser_manager      - INFO    : BROWSER 3501327685: EXECUTING COMMAND: GetCommand(nebraskajudicial.gov,3)
2024-01-23 23:30:01,662 - MainProcess[MainThread]- storage_controller   - INFO    : Terminating handler for StorageControllerHandle, because the underlying socket closed
2024-01-23 23:30:01,667 - MainProcess[Thread-1 (_start_listener)]- FirefoxExtension     - DEBUG   : Setting visit_id the legacy way
2024-01-23 23:30:01,669 - MainProcess[Thread-1 (_start_listener)]- FirefoxExtension     - DEBUG   : Setting visit_id the legacy way
2024-01-23 23:30:01,669 - MainProcess[Thread-1 (_start_listener)]- FirefoxExtension     - DEBUG   : Setting visit_id the legacy way
2024-01-23 23:30:01,669 - MainProcess[MainThread]- browser_manager      - ERROR   : BROWSER 3501327685: WebDriverException while executing command
Traceback (most recent call last):
  File "/opt/OpenWPM/openwpm/browser_manager.py", line 780, in run
    command.execute(
  File "/opt/OpenWPM/openwpm/commands/browser_commands.py", line 137, in execute
    webdriver.get(self.url)
  File "/opt/mamba/envs/openwpm/lib/python3.12/site-packages/selenium/webdriver/remote/webdriver.py", line 357, in get
    self.execute(Command.GET, {"url": url})
  File "/opt/mamba/envs/openwpm/lib/python3.12/site-packages/selenium/webdriver/remote/webdriver.py", line 348, in execute
    self.error_handler.check_response(response)
  File "/opt/mamba/envs/openwpm/lib/python3.12/site-packages/selenium/webdriver/remote/errorhandler.py", line 229, in check_response
    raise exception_class(message, screen, stacktrace)
selenium.common.exceptions.InvalidArgumentException: Message: Malformed URL: URL constructor: nebraskajudicial.gov is not a valid URL.
Stacktrace:
RemoteError@chrome://remote/content/shared/RemoteError.sys.mjs:8:8
WebDriverError@chrome://remote/content/shared/webdriver/Errors.sys.mjs:189:5
InvalidArgumentError@chrome://remote/content/shared/webdriver/Errors.sys.mjs:380:5
GeckoDriver.prototype.navigateTo@chrome://remote/content/marionette/driver.sys.mjs:851:11

2024-01-23 23:30:01,674 - MainProcess[BrowserManagerHandle-3501327685]- browser_manager      - INFO    : BROWSER 3501327685: Received failure status while executing command: GetCommand(nebraskajudicial.gov,3)
2024-01-23 23:30:01,675 - MainProcess[BrowserManagerHandle-3501327685]- browser_manager      - DEBUG   : BROWSER 3501327685: Browser restart required
2024-01-23 23:30:01,676 - MainProcess[BrowserManagerHandle-3501327685]- browser_manager      - INFO    : Finished working on CommandSequence with visit_id 3540360897460281 on browser with id 3501327685
2024-01-23 23:30:01,676 - MainProcess[MainThread]- storage_controller   - INFO    : Awaiting all tasks for visit_id 3540360897460281
2024-01-23 23:30:01,676 - MainProcess[MainThread]- storage_controller   - DEBUG   : Awaited all tasks for visit_id 3540360897460281 while finalizing
2024-01-23 23:30:01,677 - MainProcess[MainThread]- sql_provider         - WARNING : Visit with visit_id 3540360897460281 got interrupted
2024-01-23 23:30:03,598 - MainProcess[log-interceptor-2449380424]- selenium_firefox     - DEBUG   : BROWSER 2449380424: driver: JavaScript error: https://nebraska.gov/site/js/chart-data.js, line 95: TypeError: chartSource is null
2024-01-23 23:30:04,181 - MainProcess[log-interceptor-2833399109]- selenium_firefox     - DEBUG   : BROWSER 2833399109: driver: [Child 481, MediaDecoderStateMachine #1] WARNING: Decoder=7fad57786a00 state=DECODING_METADATA Decode metadata failed, shutting down decoder: file /builds/worker/checkouts/gecko/dom/media/MediaDecoderStateMachine.cpp:372
2024-01-23 23:30:04,182 - MainProcess[log-interceptor-2833399109]- selenium_firefox     - DEBUG   : BROWSER 2833399109: driver: [Child 481, MediaDecoderStateMachine #1] WARNING: Decoder=7fad57786a00 Decode error: NS_ERROR_DOM_MEDIA_METADATA_ERR (0x806e0006): file /builds/worker/checkouts/gecko/dom/media/MediaDecoderStateMachineBase.cpp:166
2024-01-23 23:30:06,277 - MainProcess[MainThread]- storage_controller   - DEBUG   : StorageController status: There are currently 0 scheduled tasks for 2 visit_ids
2024-01-23 23:30:06,652 - MainProcess[OpenWPM-completion_handler]- task_manager         - DEBUG   : Invoking callback of visit_id -1
2024-01-23 23:30:06,652 - MainProcess[OpenWPM-completion_handler]- task_manager         - DEBUG   : Invoking callback of visit_id 3540360897460281
2024-01-23 23:30:07,821 - MainProcess[MainThread]- browser_manager      - INFO    : BROWSER 2833399109: EXECUTING COMMAND: LinkCountingCommand
2024-01-23 23:30:07,839 - MainProcess[MainThread]- custom_command       - INFO    : There are 75 links on https://nebraskacityne.gov/
2024-01-23 23:30:07,840 - MainProcess[MainThread]- browser_manager      - INFO    : BROWSER 2833399109: EXECUTING COMMAND: FinalizeCommand(5)
2024-01-23 23:30:09,763 - MainProcess[MainThread]- browser_manager      - INFO    : BROWSER 2449380424: EXECUTING COMMAND: LinkCountingCommand
2024-01-23 23:30:09,776 - MainProcess[MainThread]- custom_command       - INFO    : There are 68 links on https://www.nebraska.gov/
2024-01-23 23:30:09,777 - MainProcess[MainThread]- browser_manager      - INFO    : BROWSER 2449380424: EXECUTING COMMAND: FinalizeCommand(5)
2024-01-23 23:30:09,822 - MainProcess[log-interceptor-2449380424]- selenium_firefox     - DEBUG   : BROWSER 2449380424: driver: JavaScript error: undefined, line 0: Error: Invalid tab ID: 1
2024-01-23 23:30:09,823 - MainProcess[log-interceptor-2449380424]- selenium_firefox     - DEBUG   : BROWSER 2449380424: driver: JavaScript error: undefined, line 0: Error: Invalid tab ID: 1
2024-01-23 23:30:09,840 - MainProcess[log-interceptor-2449380424]- selenium_firefox     - DEBUG   : BROWSER 2449380424: driver: JavaScript error: undefined, line 0: Error: Invalid tab ID: 1
2024-01-23 23:30:09,846 - MainProcess[log-interceptor-2449380424]- selenium_firefox     - DEBUG   : BROWSER 2449380424: driver: JavaScript error: undefined, line 0: Error: Invalid tab ID: 1
2024-01-23 23:30:11,279 - MainProcess[MainThread]- storage_controller   - DEBUG   : StorageController status: There are currently 0 scheduled tasks for 2 visit_ids
2024-01-23 23:30:12,898 - MainProcess[BrowserManagerHandle-2833399109]- browser_manager      - INFO    : Finished working on CommandSequence with visit_id 5605382794420619 on browser with id 2833399109
2024-01-23 23:30:12,900 - MainProcess[MainThread]- storage_controller   - INFO    : Awaiting all tasks for visit_id 5605382794420619
2024-01-23 23:30:12,900 - MainProcess[MainThread]- storage_controller   - DEBUG   : Awaited all tasks for visit_id 5605382794420619 while finalizing
2024-01-23 23:30:14,836 - MainProcess[BrowserManagerHandle-2449380424]- browser_manager      - INFO    : Finished working on CommandSequence with visit_id 627309948684442 on browser with id 2449380424
2024-01-23 23:30:14,838 - MainProcess[MainThread]- storage_controller   - INFO    : Awaiting all tasks for visit_id 627309948684442
2024-01-23 23:30:14,838 - MainProcess[MainThread]- storage_controller   - DEBUG   : Awaited all tasks for visit_id 627309948684442 while finalizing
2024-01-23 23:30:16,282 - MainProcess[MainThread]- storage_controller   - DEBUG   : StorageController status: There are currently 0 scheduled tasks for 0 visit_ids
2024-01-23 23:30:16,654 - MainProcess[OpenWPM-completion_handler]- task_manager         - DEBUG   : Invoking callback of visit_id 5605382794420619
2024-01-23 23:30:16,654 - MainProcess[OpenWPM-completion_handler]- task_manager         - DEBUG   : Invoking callback of visit_id 627309948684442
2024-01-23 23:30:16,836 - MainProcess[MainThread]- browser_manager      - DEBUG   : BROWSER 2449380424: Closing browser manager...
2024-01-23 23:30:16,837 - MainProcess[MainThread]- browser_manager      - DEBUG   : BROWSER 2449380424: Closing browser...
2024-01-23 23:30:16,837 - MainProcess[MainThread]- browser_manager      - DEBUG   : BROWSER 2449380424: Joining command thread
2024-01-23 23:30:16,837 - MainProcess[MainThread]- browser_manager      - DEBUG   : BROWSER 2449380424: 0.000015 seconds to join command thread
2024-01-23 23:30:16,840 - MainProcess[log-interceptor-2449380424]- selenium_firefox     - DEBUG   : BROWSER 2449380424: driver: 1706052616840	Marionette	INFO	Stopped listening on port 42163
2024-01-23 23:30:17,137 - MainProcess[log-interceptor-2449380424]- selenium_firefox     - DEBUG   : BROWSER 2449380424: driver: console.error: WebExtensions:
2024-01-23 23:30:17,137 - MainProcess[MainThread]- storage_controller   - INFO    : Terminating handler for Browser-2449380424, because the underlying socket closed
2024-01-23 23:30:17,137 - MainProcess[log-interceptor-2449380424]- selenium_firefox     - DEBUG   : BROWSER 2449380424: driver: Message: [Exception... "Component returned failure code: 0x804b0010 (NS_ERROR_OFFLINE) [nsIInputStream.available]"  nsresult: "0x804b0010 (NS_ERROR_OFFLINE)"  location: "JS frame :: jar:file:///tmp/addon-6eec4358-3c66-44f7-8a54-ec8ad91b2016.xpi!/privileged/sockets/api.js :: onInputStreamReady :: line 49"  data: no]
2024-01-23 23:30:17,137 - MainProcess[log-interceptor-2449380424]- selenium_firefox     - DEBUG   : BROWSER 2449380424: driver: Stack:
2024-01-23 23:30:17,138 - MainProcess[log-interceptor-2449380424]- selenium_firefox     - DEBUG   : BROWSER 2449380424: driver: onInputStreamReady@jar:file:///tmp/addon-6eec4358-3c66-44f7-8a54-ec8ad91b2016.xpi!/privileged/sockets/api.js:49:33
2024-01-23 23:30:17,138 - MainProcess[log-interceptor-2449380424]- selenium_firefox     - DEBUG   : BROWSER 2449380424: driver: 
2024-01-23 23:30:17,340 - MainProcess[MainThread]- browser_manager      - DEBUG   : BROWSER 2449380424: Browser manager closed successfully.
2024-01-23 23:30:17,341 - MainProcess[MainThread]- browser_manager      - DEBUG   : BROWSER 2449380424: during_init=False | profile_archive_dir=None
2024-01-23 23:30:17,351 - MainProcess[MainThread]- browser_manager      - DEBUG   : BROWSER 2833399109: Closing browser manager...
2024-01-23 23:30:17,351 - MainProcess[MainThread]- browser_manager      - DEBUG   : BROWSER 2833399109: Closing browser...
2024-01-23 23:30:17,351 - MainProcess[MainThread]- browser_manager      - DEBUG   : BROWSER 2833399109: Joining command thread
2024-01-23 23:30:17,352 - MainProcess[MainThread]- browser_manager      - DEBUG   : BROWSER 2833399109: 0.000007 seconds to join command thread
2024-01-23 23:30:17,354 - MainProcess[log-interceptor-2833399109]- selenium_firefox     - DEBUG   : BROWSER 2833399109: driver: 1706052617354	Marionette	INFO	Stopped listening on port 40517
2024-01-23 23:30:17,649 - MainProcess[log-interceptor-2833399109]- selenium_firefox     - DEBUG   : BROWSER 2833399109: driver: console.error: WebExtensions:
2024-01-23 23:30:17,649 - MainProcess[MainThread]- storage_controller   - INFO    : Terminating handler for Browser-2833399109, because the underlying socket closed
2024-01-23 23:30:17,649 - MainProcess[log-interceptor-2833399109]- selenium_firefox     - DEBUG   : BROWSER 2833399109: driver: Message: [Exception... "Component returned failure code: 0x804b0010 (NS_ERROR_OFFLINE) [nsIInputStream.available]"  nsresult: "0x804b0010 (NS_ERROR_OFFLINE)"  location: "JS frame :: jar:file:///tmp/addon-e199734f-e55c-4ae4-9814-b3d94948c3ea.xpi!/privileged/sockets/api.js :: onInputStreamReady :: line 49"  data: no]
2024-01-23 23:30:17,650 - MainProcess[log-interceptor-2833399109]- selenium_firefox     - DEBUG   : BROWSER 2833399109: driver: Stack:
2024-01-23 23:30:17,650 - MainProcess[log-interceptor-2833399109]- selenium_firefox     - DEBUG   : BROWSER 2833399109: driver: onInputStreamReady@jar:file:///tmp/addon-e199734f-e55c-4ae4-9814-b3d94948c3ea.xpi!/privileged/sockets/api.js:49:33
2024-01-23 23:30:17,650 - MainProcess[log-interceptor-2833399109]- selenium_firefox     - DEBUG   : BROWSER 2833399109: driver: 
2024-01-23 23:30:17,852 - MainProcess[MainThread]- browser_manager      - DEBUG   : BROWSER 2833399109: Browser manager closed successfully.
2024-01-23 23:30:17,852 - MainProcess[MainThread]- browser_manager      - DEBUG   : BROWSER 2833399109: during_init=False | profile_archive_dir=None
2024-01-23 23:30:17,863 - MainProcess[MainThread]- browser_manager      - DEBUG   : BROWSER 3501327685: Closing browser manager...
2024-01-23 23:30:17,863 - MainProcess[MainThread]- browser_manager      - DEBUG   : BROWSER 3501327685: Closing browser...
2024-01-23 23:30:17,863 - MainProcess[MainThread]- browser_manager      - DEBUG   : BROWSER 3501327685: Joining command thread
2024-01-23 23:30:17,863 - MainProcess[MainThread]- browser_manager      - DEBUG   : BROWSER 3501327685: 0.000004 seconds to join command thread
2024-01-23 23:30:17,866 - MainProcess[log-interceptor-3501327685]- selenium_firefox     - DEBUG   : BROWSER 3501327685: driver: 1706052617866	Marionette	INFO	Stopped listening on port 41127
2024-01-23 23:30:18,155 - MainProcess[log-interceptor-3501327685]- selenium_firefox     - DEBUG   : BROWSER 3501327685: driver: console.error: WebExtensions:
2024-01-23 23:30:18,156 - MainProcess[log-interceptor-3501327685]- selenium_firefox     - DEBUG   : BROWSER 3501327685: driver: Message: [Exception... "Component returned failure code: 0x804b0010 (NS_ERROR_OFFLINE) [nsIInputStream.available]"  nsresult: "0x804b0010 (NS_ERROR_OFFLINE)"  location: "JS frame :: jar:file:///tmp/addon-db41eecb-ffb3-4887-9e16-8c24f0786c39.xpi!/privileged/sockets/api.js :: onInputStreamReady :: line 49"  data: no]
2024-01-23 23:30:18,155 - MainProcess[MainThread]- storage_controller   - INFO    : Terminating handler for Browser-3501327685, because the underlying socket closed
2024-01-23 23:30:18,156 - MainProcess[log-interceptor-3501327685]- selenium_firefox     - DEBUG   : BROWSER 3501327685: driver: Stack:
2024-01-23 23:30:18,156 - MainProcess[log-interceptor-3501327685]- selenium_firefox     - DEBUG   : BROWSER 3501327685: driver: onInputStreamReady@jar:file:///tmp/addon-db41eecb-ffb3-4887-9e16-8c24f0786c39.xpi!/privileged/sockets/api.js:49:33
2024-01-23 23:30:18,156 - MainProcess[log-interceptor-3501327685]- selenium_firefox     - DEBUG   : BROWSER 3501327685: driver: 
2024-01-23 23:30:18,259 - MainProcess[MainThread]- browser_manager      - DEBUG   : BROWSER 3501327685: Browser manager closed successfully.
2024-01-23 23:30:18,259 - MainProcess[MainThread]- browser_manager      - DEBUG   : BROWSER 3501327685: during_init=False | profile_archive_dir=None
2024-01-23 23:30:18,268 - MainProcess[MainThread]- browser_manager      - DEBUG   : BROWSER 3458362781: Closing browser manager...
2024-01-23 23:30:18,268 - MainProcess[MainThread]- browser_manager      - DEBUG   : BROWSER 3458362781: Closing browser...
2024-01-23 23:30:18,271 - MainProcess[log-interceptor-3458362781]- selenium_firefox     - DEBUG   : BROWSER 3458362781: driver: 1706052618271	Marionette	INFO	Stopped listening on port 33035
2024-01-23 23:30:18,561 - MainProcess[log-interceptor-3458362781]- selenium_firefox     - DEBUG   : BROWSER 3458362781: driver: console.error: WebExtensions:
2024-01-23 23:30:18,561 - MainProcess[MainThread]- storage_controller   - INFO    : Terminating handler for Browser-3458362781, because the underlying socket closed
2024-01-23 23:30:18,561 - MainProcess[log-interceptor-3458362781]- selenium_firefox     - DEBUG   : BROWSER 3458362781: driver: Message: [Exception... "Component returned failure code: 0x804b0010 (NS_ERROR_OFFLINE) [nsIInputStream.available]"  nsresult: "0x804b0010 (NS_ERROR_OFFLINE)"  location: "JS frame :: jar:file:///tmp/addon-33696f09-fa85-4c3f-a60e-13a5a7956861.xpi!/privileged/sockets/api.js :: onInputStreamReady :: line 49"  data: no]
2024-01-23 23:30:18,561 - MainProcess[log-interceptor-3458362781]- selenium_firefox     - DEBUG   : BROWSER 3458362781: driver: Stack:
2024-01-23 23:30:18,561 - MainProcess[log-interceptor-3458362781]- selenium_firefox     - DEBUG   : BROWSER 3458362781: driver: onInputStreamReady@jar:file:///tmp/addon-33696f09-fa85-4c3f-a60e-13a5a7956861.xpi!/privileged/sockets/api.js:49:33
2024-01-23 23:30:18,562 - MainProcess[log-interceptor-3458362781]- selenium_firefox     - DEBUG   : BROWSER 3458362781: driver: 
2024-01-23 23:30:18,764 - MainProcess[MainThread]- browser_manager      - DEBUG   : BROWSER 3458362781: Browser manager closed successfully.
2024-01-23 23:30:18,764 - MainProcess[MainThread]- browser_manager      - DEBUG   : BROWSER 3458362781: during_init=False | profile_archive_dir=None
2024-01-23 23:30:18,773 - MainProcess[MainThread]- storage_controller   - DEBUG   : Sending the shutdown signal to the Storage Controller...
2024-01-23 23:30:18,773 - MainProcess[MainThread]- storage_controller   - INFO    : Terminating handler for TaskManager, because the underlying socket closed
2024-01-23 23:30:21,283 - MainProcess[MainThread]- storage_controller   - INFO    : Received shutdown signal!
2024-01-23 23:30:21,283 - MainProcess[MainThread]- storage_controller   - INFO    : Closing Server
2024-01-23 23:30:21,284 - MainProcess[MainThread]- storage_controller   - INFO    : Closed Server
2024-01-23 23:30:21,284 - MainProcess[MainThread]- storage_controller   - INFO    : Cancelling status_queue_update
2024-01-23 23:30:21,284 - MainProcess[MainThread]- storage_controller   - INFO    : Cancelled status_queue_update
2024-01-23 23:30:21,284 - MainProcess[MainThread]- storage_controller   - INFO    : Cancelling timeout_check
2024-01-23 23:30:21,285 - MainProcess[MainThread]- storage_controller   - INFO    : Cancelled timeout_check
2024-01-23 23:30:21,285 - MainProcess[MainThread]- storage_controller   - INFO    : Starting wait_closed
2024-01-23 23:30:21,285 - MainProcess[MainThread]- storage_controller   - INFO    : Completed wait_closed
2024-01-23 23:30:21,285 - MainProcess[MainThread]- storage_controller   - INFO    : Entering self.shutdown
2024-01-23 23:30:21,286 - MainProcess[MainThread]- storage_controller   - INFO    : structured_storage is shut down
2024-01-23 23:30:21,290 - MainProcess[MainThread]- storage_controller   - DEBUG   : StorageControllerHandle took 2.516662359237671 seconds to close.
